  main.cpp
C:\Users\koval\source\repos\SPROGLAB8\SPROGLAB8\main.cpp(29,12): warning C4244: 'return': conversion from 'WPARAM' to 'int', possible loss of data
C:\Users\koval\source\repos\SPROGLAB8\SPROGLAB8\main.cpp(91,2): error C4235: nonstandard extension used: '__asm' keyword not supported on this architecture
C:\Users\koval\source\repos\SPROGLAB8\SPROGLAB8\main.cpp(92,3): error C2065: 'pushfd': undeclared identifier
C:\Users\koval\source\repos\SPROGLAB8\SPROGLAB8\main.cpp(93,3): error C2146: syntax error: missing ';' before identifier 'pop'
C:\Users\koval\source\repos\SPROGLAB8\SPROGLAB8\main.cpp(93,3): error C2065: 'pop': undeclared identifier
C:\Users\koval\source\repos\SPROGLAB8\SPROGLAB8\main.cpp(93,7): error C2146: syntax error: missing ';' before identifier 'flags_before'
C:\Users\koval\source\repos\SPROGLAB8\SPROGLAB8\main.cpp(95,3): error C2146: syntax error: missing ';' before identifier 'mov'
C:\Users\koval\source\repos\SPROGLAB8\SPROGLAB8\main.cpp(95,3): error C2065: 'mov': undeclared identifier
C:\Users\koval\source\repos\SPROGLAB8\SPROGLAB8\main.cpp(95,7): error C2146: syntax error: missing ';' before identifier 'eax'
C:\Users\koval\source\repos\SPROGLAB8\SPROGLAB8\main.cpp(95,7): error C2065: 'eax': undeclared identifier
C:\Users\koval\source\repos\SPROGLAB8\SPROGLAB8\main.cpp(96,3): error C2146: syntax error: missing ';' before identifier 'shr'
C:\Users\koval\source\repos\SPROGLAB8\SPROGLAB8\main.cpp(96,3): error C2065: 'shr': undeclared identifier
C:\Users\koval\source\repos\SPROGLAB8\SPROGLAB8\main.cpp(96,7): error C2146: syntax error: missing ';' before identifier 'eax'
C:\Users\koval\source\repos\SPROGLAB8\SPROGLAB8\main.cpp(96,7): error C2065: 'eax': undeclared identifier
C:\Users\koval\source\repos\SPROGLAB8\SPROGLAB8\main.cpp(97,7): error C2065: 'eax': undeclared identifier
C:\Users\koval\source\repos\SPROGLAB8\SPROGLAB8\main.cpp(98,3): error C2146: syntax error: missing ';' before identifier 'mov'
C:\Users\koval\source\repos\SPROGLAB8\SPROGLAB8\main.cpp(98,3): error C2065: 'mov': undeclared identifier
C:\Users\koval\source\repos\SPROGLAB8\SPROGLAB8\main.cpp(98,7): error C2146: syntax error: missing ';' before identifier 'beforeCF'
C:\Users\koval\source\repos\SPROGLAB8\SPROGLAB8\main.cpp(98,17): error C2065: 'eax': undeclared identifier
C:\Users\koval\source\repos\SPROGLAB8\SPROGLAB8\main.cpp(99,3): error C2146: syntax error: missing ';' before identifier 'mov'
C:\Users\koval\source\repos\SPROGLAB8\SPROGLAB8\main.cpp(99,3): error C2065: 'mov': undeclared identifier
C:\Users\koval\source\repos\SPROGLAB8\SPROGLAB8\main.cpp(99,7): error C2146: syntax error: missing ';' before identifier 'eax'
C:\Users\koval\source\repos\SPROGLAB8\SPROGLAB8\main.cpp(99,7): error C2065: 'eax': undeclared identifier
C:\Users\koval\source\repos\SPROGLAB8\SPROGLAB8\main.cpp(100,3): error C2146: syntax error: missing ';' before identifier 'shr'
C:\Users\koval\source\repos\SPROGLAB8\SPROGLAB8\main.cpp(100,3): error C2065: 'shr': undeclared identifier
C:\Users\koval\source\repos\SPROGLAB8\SPROGLAB8\main.cpp(100,7): error C2146: syntax error: missing ';' before identifier 'eax'
C:\Users\koval\source\repos\SPROGLAB8\SPROGLAB8\main.cpp(100,7): error C2065: 'eax': undeclared identifier
C:\Users\koval\source\repos\SPROGLAB8\SPROGLAB8\main.cpp(101,7): error C2065: 'eax': undeclared identifier
C:\Users\koval\source\repos\SPROGLAB8\SPROGLAB8\main.cpp(102,3): error C2146: syntax error: missing ';' before identifier 'mov'
C:\Users\koval\source\repos\SPROGLAB8\SPROGLAB8\main.cpp(102,3): error C2065: 'mov': undeclared identifier
C:\Users\koval\source\repos\SPROGLAB8\SPROGLAB8\main.cpp(102,7): error C2146: syntax error: missing ';' before identifier 'beforePF'
C:\Users\koval\source\repos\SPROGLAB8\SPROGLAB8\main.cpp(102,17): error C2065: 'eax': undeclared identifier
C:\Users\koval\source\repos\SPROGLAB8\SPROGLAB8\main.cpp(103,3): error C2146: syntax error: missing ';' before identifier 'mov'
C:\Users\koval\source\repos\SPROGLAB8\SPROGLAB8\main.cpp(103,3): error C2065: 'mov': undeclared identifier
C:\Users\koval\source\repos\SPROGLAB8\SPROGLAB8\main.cpp(103,7): error C2146: syntax error: missing ';' before identifier 'eax'
C:\Users\koval\source\repos\SPROGLAB8\SPROGLAB8\main.cpp(103,7): error C2065: 'eax': undeclared identifier
C:\Users\koval\source\repos\SPROGLAB8\SPROGLAB8\main.cpp(104,3): error C2146: syntax error: missing ';' before identifier 'shr'
C:\Users\koval\source\repos\SPROGLAB8\SPROGLAB8\main.cpp(104,3): error C2065: 'shr': undeclared identifier
C:\Users\koval\source\repos\SPROGLAB8\SPROGLAB8\main.cpp(104,7): error C2146: syntax error: missing ';' before identifier 'eax'
C:\Users\koval\source\repos\SPROGLAB8\SPROGLAB8\main.cpp(104,7): error C2065: 'eax': undeclared identifier
C:\Users\koval\source\repos\SPROGLAB8\SPROGLAB8\main.cpp(105,7): error C2065: 'eax': undeclared identifier
C:\Users\koval\source\repos\SPROGLAB8\SPROGLAB8\main.cpp(106,3): error C2146: syntax error: missing ';' before identifier 'mov'
C:\Users\koval\source\repos\SPROGLAB8\SPROGLAB8\main.cpp(106,3): error C2065: 'mov': undeclared identifier
C:\Users\koval\source\repos\SPROGLAB8\SPROGLAB8\main.cpp(106,7): error C2146: syntax error: missing ';' before identifier 'beforeAF'
C:\Users\koval\source\repos\SPROGLAB8\SPROGLAB8\main.cpp(106,17): error C2065: 'eax': undeclared identifier
C:\Users\koval\source\repos\SPROGLAB8\SPROGLAB8\main.cpp(107,3): error C2146: syntax error: missing ';' before identifier 'mov'
C:\Users\koval\source\repos\SPROGLAB8\SPROGLAB8\main.cpp(107,3): error C2065: 'mov': undeclared identifier
C:\Users\koval\source\repos\SPROGLAB8\SPROGLAB8\main.cpp(107,7): error C2146: syntax error: missing ';' before identifier 'eax'
C:\Users\koval\source\repos\SPROGLAB8\SPROGLAB8\main.cpp(107,7): error C2065: 'eax': undeclared identifier
C:\Users\koval\source\repos\SPROGLAB8\SPROGLAB8\main.cpp(108,3): error C2146: syntax error: missing ';' before identifier 'shr'
C:\Users\koval\source\repos\SPROGLAB8\SPROGLAB8\main.cpp(108,3): error C2065: 'shr': undeclared identifier
C:\Users\koval\source\repos\SPROGLAB8\SPROGLAB8\main.cpp(108,7): error C2146: syntax error: missing ';' before identifier 'eax'
C:\Users\koval\source\repos\SPROGLAB8\SPROGLAB8\main.cpp(108,7): error C2065: 'eax': undeclared identifier
C:\Users\koval\source\repos\SPROGLAB8\SPROGLAB8\main.cpp(109,7): error C2065: 'eax': undeclared identifier
C:\Users\koval\source\repos\SPROGLAB8\SPROGLAB8\main.cpp(110,3): error C2146: syntax error: missing ';' before identifier 'mov'
C:\Users\koval\source\repos\SPROGLAB8\SPROGLAB8\main.cpp(110,3): error C2065: 'mov': undeclared identifier
C:\Users\koval\source\repos\SPROGLAB8\SPROGLAB8\main.cpp(110,7): error C2146: syntax error: missing ';' before identifier 'beforeZF'
C:\Users\koval\source\repos\SPROGLAB8\SPROGLAB8\main.cpp(110,17): error C2065: 'eax': undeclared identifier
C:\Users\koval\source\repos\SPROGLAB8\SPROGLAB8\main.cpp(111,3): error C2146: syntax error: missing ';' before identifier 'mov'
C:\Users\koval\source\repos\SPROGLAB8\SPROGLAB8\main.cpp(111,3): error C2065: 'mov': undeclared identifier
C:\Users\koval\source\repos\SPROGLAB8\SPROGLAB8\main.cpp(111,7): error C2146: syntax error: missing ';' before identifier 'eax'
C:\Users\koval\source\repos\SPROGLAB8\SPROGLAB8\main.cpp(111,7): error C2065: 'eax': undeclared identifier
C:\Users\koval\source\repos\SPROGLAB8\SPROGLAB8\main.cpp(112,3): error C2146: syntax error: missing ';' before identifier 'shr'
C:\Users\koval\source\repos\SPROGLAB8\SPROGLAB8\main.cpp(112,3): error C2065: 'shr': undeclared identifier
C:\Users\koval\source\repos\SPROGLAB8\SPROGLAB8\main.cpp(112,7): error C2146: syntax error: missing ';' before identifier 'eax'
C:\Users\koval\source\repos\SPROGLAB8\SPROGLAB8\main.cpp(112,7): error C2065: 'eax': undeclared identifier
C:\Users\koval\source\repos\SPROGLAB8\SPROGLAB8\main.cpp(113,7): error C2065: 'eax': undeclared identifier
C:\Users\koval\source\repos\SPROGLAB8\SPROGLAB8\main.cpp(114,3): error C2146: syntax error: missing ';' before identifier 'mov'
C:\Users\koval\source\repos\SPROGLAB8\SPROGLAB8\main.cpp(114,3): error C2065: 'mov': undeclared identifier
C:\Users\koval\source\repos\SPROGLAB8\SPROGLAB8\main.cpp(114,7): error C2146: syntax error: missing ';' before identifier 'beforeSF'
C:\Users\koval\source\repos\SPROGLAB8\SPROGLAB8\main.cpp(114,17): error C2065: 'eax': undeclared identifier
C:\Users\koval\source\repos\SPROGLAB8\SPROGLAB8\main.cpp(115,3): error C2146: syntax error: missing ';' before identifier 'mov'
C:\Users\koval\source\repos\SPROGLAB8\SPROGLAB8\main.cpp(115,3): error C2065: 'mov': undeclared identifier
C:\Users\koval\source\repos\SPROGLAB8\SPROGLAB8\main.cpp(115,7): error C2146: syntax error: missing ';' before identifier 'eax'
C:\Users\koval\source\repos\SPROGLAB8\SPROGLAB8\main.cpp(115,7): error C2065: 'eax': undeclared identifier
C:\Users\koval\source\repos\SPROGLAB8\SPROGLAB8\main.cpp(116,3): error C2146: syntax error: missing ';' before identifier 'shr'
C:\Users\koval\source\repos\SPROGLAB8\SPROGLAB8\main.cpp(116,3): error C2065: 'shr': undeclared identifier
C:\Users\koval\source\repos\SPROGLAB8\SPROGLAB8\main.cpp(116,7): error C2146: syntax error: missing ';' before identifier 'eax'
C:\Users\koval\source\repos\SPROGLAB8\SPROGLAB8\main.cpp(116,7): error C2065: 'eax': undeclared identifier
C:\Users\koval\source\repos\SPROGLAB8\SPROGLAB8\main.cpp(117,7): error C2065: 'eax': undeclared identifier
C:\Users\koval\source\repos\SPROGLAB8\SPROGLAB8\main.cpp(118,3): error C2146: syntax error: missing ';' before identifier 'mov'
C:\Users\koval\source\repos\SPROGLAB8\SPROGLAB8\main.cpp(118,3): error C2065: 'mov': undeclared identifier
C:\Users\koval\source\repos\SPROGLAB8\SPROGLAB8\main.cpp(118,7): error C2146: syntax error: missing ';' before identifier 'beforeOF'
C:\Users\koval\source\repos\SPROGLAB8\SPROGLAB8\main.cpp(118,17): error C2065: 'eax': undeclared identifier
C:\Users\koval\source\repos\SPROGLAB8\SPROGLAB8\main.cpp(119,3): error C2146: syntax error: missing ';' before identifier 'mov'
C:\Users\koval\source\repos\SPROGLAB8\SPROGLAB8\main.cpp(119,3): error C2065: 'mov': undeclared identifier
C:\Users\koval\source\repos\SPROGLAB8\SPROGLAB8\main.cpp(119,7): error C2146: syntax error: missing ';' before identifier 'eax'
C:\Users\koval\source\repos\SPROGLAB8\SPROGLAB8\main.cpp(119,7): error C2065: 'eax': undeclared identifier
C:\Users\koval\source\repos\SPROGLAB8\SPROGLAB8\main.cpp(120,3): error C2146: syntax error: missing ';' before identifier 'mov'
C:\Users\koval\source\repos\SPROGLAB8\SPROGLAB8\main.cpp(120,3): error C2065: 'mov': undeclared identifier
C:\Users\koval\source\repos\SPROGLAB8\SPROGLAB8\main.cpp(120,7): error C2146: syntax error: missing ';' before identifier 'edi'
C:\Users\koval\source\repos\SPROGLAB8\SPROGLAB8\main.cpp(120,7): error C2065: 'edi': undeclared identifier
C:\Users\koval\source\repos\SPROGLAB8\SPROGLAB8\main.cpp(121,3): error C2146: syntax error: missing ';' before identifier 'mov'
C:\Users\koval\source\repos\SPROGLAB8\SPROGLAB8\main.cpp(121,3): error C2065: 'mov': undeclared identifier
C:\Users\koval\source\repos\SPROGLAB8\SPROGLAB8\main.cpp(121,7): error C2146: syntax error: missing ';' before identifier 'byte'
C:\Users\koval\source\repos\SPROGLAB8\SPROGLAB8\main.cpp(121,16): error C2065: 'edi': undeclared identifier
C:\Users\koval\source\repos\SPROGLAB8\SPROGLAB8\main.cpp(121,27): error C2059: syntax error: 'constant'
C:\Users\koval\source\repos\SPROGLAB8\SPROGLAB8\main.cpp(164,47): warning C4267: 'argument': conversion from 'size_t' to 'int', possible loss of data
C:\Users\koval\source\repos\SPROGLAB8\SPROGLAB8\main.cpp(166,47): warning C4267: 'argument': conversion from 'size_t' to 'int', possible loss of data
C:\Users\koval\source\repos\SPROGLAB8\SPROGLAB8\main.cpp(235,11): warning C4267: 'initializing': conversion from 'size_t' to 'int', possible loss of data
